  [1m[36m (16.2ms)[0m  [1mCREATE TABLE "schema_migrations" ("version" varchar NOT NULL) [0m
  [1m[35m (0.4ms)[0m  select sqlite_version(*)
  [1m[36m (21.1ms)[0m  [1mCREATE UNIQUE INDEX "unique_schema_migrations" ON "schema_migrations" ("version")[0m
  [1m[35mActiveRecord::SchemaMigration Load (0.2ms)[0m  SELECT "schema_migrations".* FROM "schema_migrations"
Migrating to CreateCards (20161015161747)
  [1m[36m (0.1ms)[0m  [1mbegin transaction[0m
  [1m[35m (0.5ms)[0m  CREATE TABLE "cards" ("id" INTEGER PRIMARY KEY AUTOINCREMENT NOT NULL, "created_at" datetime NOT NULL, "updated_at" datetime NOT NULL, "name" text, "type" text, "race" text, "civilization" text, "manaCost" integer, "manaValue" integer, "power" integer, "abilities" text DEFAULT '--- []
') 
  [1m[36mSQL (0.2ms)[0m  [1mINSERT INTO "schema_migrations" ("version") VALUES (?)[0m  [["version", "20161015161747"]]
  [1m[35m (9.2ms)[0m  commit transaction
  [1m[36mActiveRecord::SchemaMigration Load (0.1ms)[0m  [1mSELECT "schema_migrations".* FROM "schema_migrations"[0m
  [1m[36m (194.8ms)[0m  [1mCREATE TABLE "schema_migrations" ("version" character varying NOT NULL) [0m
  [1m[35m (8.7ms)[0m  CREATE UNIQUE INDEX  "unique_schema_migrations" ON "schema_migrations"  ("version")
  [1m[36mActiveRecord::SchemaMigration Load (1.2ms)[0m  [1mSELECT "schema_migrations".* FROM "schema_migrations"[0m
Migrating to CreateCards (20161015161747)
  [1m[35m (0.4ms)[0m  BEGIN
  [1m[36m (31.3ms)[0m  [1mCREATE TABLE "cards" ("id" serial primary key, "created_at" timestamp NOT NULL, "updated_at" timestamp NOT NULL, "name" text, "type" text, "race" text, "civilization" text, "manaCost" integer, "manaValue" integer, "power" integer, "abilities" text[] DEFAULT '{}') [0m
  [1m[35mSQL (0.5ms)[0m  INSERT INTO "schema_migrations" ("version") VALUES ($1)  [["version", "20161015161747"]]
  [1m[36m (1.3ms)[0m  [1mCOMMIT[0m
  [1m[35mActiveRecord::SchemaMigration Load (0.3ms)[0m  SELECT "schema_migrations".* FROM "schema_migrations"
  [1m[36m (3.6ms)[0m  [1mSELECT t2.oid::regclass::text AS to_table, a1.attname AS column, a2.attname AS primary_key, c.conname AS name, c.confupdtype AS on_update, c.confdeltype AS on_delete
FROM pg_constraint c
JOIN pg_class t1 ON c.conrelid = t1.oid
JOIN pg_class t2 ON c.confrelid = t2.oid
JOIN pg_attribute a1 ON a1.attnum = c.conkey[1] AND a1.attrelid = t1.oid
JOIN pg_attribute a2 ON a2.attnum = c.confkey[1] AND a2.attrelid = t2.oid
JOIN pg_namespace t3 ON c.connamespace = t3.oid
WHERE c.contype = 'f'
  AND t1.relname = 'cards'
  AND t3.nspname = ANY (current_schemas(false))
ORDER BY c.conname
[0m


Started GET "/" for 127.0.0.1 at 2016-10-15 19:31:11 +0300
  [1m[36mActiveRecord::SchemaMigration Load (0.5ms)[0m  [1mSELECT "schema_migrations".* FROM "schema_migrations"[0m
Processing by Rails::WelcomeController#index as HTML
  Rendered /home/razvan/.rvm/gems/ruby-2.3.1/gems/railties-4.2.6/lib/rails/templates/rails/welcome/index.html.erb (7.7ms)
Completed 200 OK in 145ms (Views: 100.3ms | ActiveRecord: 0.0ms)
  [1m[36mActiveRecord::SchemaMigration Load (0.5ms)[0m  [1mSELECT "schema_migrations".* FROM "schema_migrations"[0m
Migrating to AddImageToCards (20161015163617)
  [1m[35m (0.2ms)[0m  BEGIN
  [1m[36m (12.9ms)[0m  [1mALTER TABLE "cards" ADD "avatar_file_name" character varying[0m
  [1m[35m (0.2ms)[0m  ALTER TABLE "cards" ADD "avatar_content_type" character varying
  [1m[36m (0.2ms)[0m  [1mALTER TABLE "cards" ADD "avatar_file_size" integer[0m
  [1m[35m (0.2ms)[0m  ALTER TABLE "cards" ADD "avatar_updated_at" timestamp
  [1m[36mSQL (1.6ms)[0m  [1mINSERT INTO "schema_migrations" ("version") VALUES ($1)[0m  [["version", "20161015163617"]]
  [1m[35m (18.7ms)[0m  COMMIT
  [1m[36mActiveRecord::SchemaMigration Load (0.2ms)[0m  [1mSELECT "schema_migrations".* FROM "schema_migrations"[0m
  [1m[35m (2.3ms)[0m  SELECT t2.oid::regclass::text AS to_table, a1.attname AS column, a2.attname AS primary_key, c.conname AS name, c.confupdtype AS on_update, c.confdeltype AS on_delete
FROM pg_constraint c
JOIN pg_class t1 ON c.conrelid = t1.oid
JOIN pg_class t2 ON c.confrelid = t2.oid
JOIN pg_attribute a1 ON a1.attnum = c.conkey[1] AND a1.attrelid = t1.oid
JOIN pg_attribute a2 ON a2.attnum = c.confkey[1] AND a2.attrelid = t2.oid
JOIN pg_namespace t3 ON c.connamespace = t3.oid
WHERE c.contype = 'f'
  AND t1.relname = 'cards'
  AND t3.nspname = ANY (current_schemas(false))
ORDER BY c.conname



Started GET "/cards/new" for 127.0.0.1 at 2016-10-15 19:44:18 +0300
  [1m[35mActiveRecord::SchemaMigration Load (0.2ms)[0m  SELECT "schema_migrations".* FROM "schema_migrations"
Processing by CardsController#new as HTML
  Rendered cards/new.html.erb within layouts/application (69.7ms)
Completed 500 Internal Server Error in 79ms (ActiveRecord: 0.0ms)

ActionView::Template::Error (undefined method `textfield' for #<ActionView::Helpers::FormBuilder:0x00000004bd51d8>
Did you mean?  text_field):
    1: <%= form_for :card, :url =>{:action => "create"}, :html => {multipart: true}, method: :post do |f| %>
    2: 	<%= f.textfield :name %>
    3: 	
    4: 
    5: 
  app/views/cards/new.html.erb:2:in `block in _app_views_cards_new_html_erb__3934713625886169171_39813300'
  app/views/cards/new.html.erb:1:in `_app_views_cards_new_html_erb__3934713625886169171_39813300'


  Rendered /home/razvan/.rvm/gems/ruby-2.3.1/gems/actionpack-4.2.6/lib/action_dispatch/middleware/templates/rescues/_source.erb (6.0ms)
  Rendered /home/razvan/.rvm/gems/ruby-2.3.1/gems/actionpack-4.2.6/lib/action_dispatch/middleware/templates/rescues/_trace.html.erb (2.7ms)
  Rendered /home/razvan/.rvm/gems/ruby-2.3.1/gems/actionpack-4.2.6/lib/action_dispatch/middleware/templates/rescues/_request_and_response.html.erb (1.2ms)
  Rendered /home/razvan/.rvm/gems/ruby-2.3.1/gems/actionpack-4.2.6/lib/action_dispatch/middleware/templates/rescues/template_error.html.erb within rescues/layout (25.8ms)
  Rendered /home/razvan/.rvm/gems/ruby-2.3.1/gems/web-console-2.3.0/lib/web_console/templates/_markup.html.erb (0.9ms)
  Rendered /home/razvan/.rvm/gems/ruby-2.3.1/gems/web-console-2.3.0/lib/web_console/templates/_inner_console_markup.html.erb within layouts/inlined_string (0.4ms)
  Rendered /home/razvan/.rvm/gems/ruby-2.3.1/gems/web-console-2.3.0/lib/web_console/templates/_prompt_box_markup.html.erb within layouts/inlined_string (0.3ms)
  Rendered /home/razvan/.rvm/gems/ruby-2.3.1/gems/web-console-2.3.0/lib/web_console/templates/style.css.erb within layouts/inlined_string (0.4ms)
  Rendered /home/razvan/.rvm/gems/ruby-2.3.1/gems/web-console-2.3.0/lib/web_console/templates/console.js.erb within layouts/javascript (79.0ms)
  Rendered /home/razvan/.rvm/gems/ruby-2.3.1/gems/web-console-2.3.0/lib/web_console/templates/main.js.erb within layouts/javascript (0.5ms)
  Rendered /home/razvan/.rvm/gems/ruby-2.3.1/gems/web-console-2.3.0/lib/web_console/templates/error_page.js.erb within layouts/javascript (1.5ms)
  Rendered /home/razvan/.rvm/gems/ruby-2.3.1/gems/web-console-2.3.0/lib/web_console/templates/index.html.erb (124.4ms)


Started GET "/cards/new" for 127.0.0.1 at 2016-10-15 19:44:26 +0300
Processing by CardsController#new as HTML
  Rendered cards/new.html.erb within layouts/application (92.3ms)
Completed 200 OK in 1972ms (Views: 1971.6ms | ActiveRecord: 0.0ms)


Started GET "/assets/cards.self-e3b0c44298fc1c149afbf4c8996fb92427ae41e4649b934ca495991b7852b855.css?body=1" for 127.0.0.1 at 2016-10-15 19:44:28 +0300


Started GET "/assets/application.self-e80e8f2318043e8af94dddc2adad5a4f09739a8ebb323b3ab31cd71d45fd9113.css?body=1" for 127.0.0.1 at 2016-10-15 19:44:28 +0300


Started GET "/assets/jquery.self-bd7ddd393353a8d2480a622e80342adf488fb6006d667e8b42e4c0073393abee.js?body=1" for 127.0.0.1 at 2016-10-15 19:44:28 +0300


Started GET "/assets/jquery_ujs.self-784a997f6726036b1993eb2217c9cb558e1cbb801c6da88105588c56f13b466a.js?body=1" for 127.0.0.1 at 2016-10-15 19:44:28 +0300


Started GET "/assets/turbolinks.self-c5acd7a204f5f25ce7a1d8a0e4d92e28d34c9e2df2c7371cd7af88e147e4ad82.js?body=1" for 127.0.0.1 at 2016-10-15 19:44:28 +0300


Started GET "/assets/application.self-3b8dabdc891efe46b9a144b400ad69e37d7e5876bdc39dee783419a69d7ca819.js?body=1" for 127.0.0.1 at 2016-10-15 19:44:28 +0300


Started GET "/assets/cards.self-877aef30ae1b040ab8a3aba4e3e309a11d7f2612f44dde450b5c157aa5f95c05.js?body=1" for 127.0.0.1 at 2016-10-15 19:44:28 +0300


Started GET "/cards/new" for 127.0.0.1 at 2016-10-15 19:49:32 +0300
Processing by CardsController#new as HTML
  Rendered cards/new.html.erb within layouts/application (50.9ms)
Completed 200 OK in 85ms (Views: 84.7ms | ActiveRecord: 0.0ms)


Started GET "/assets/cards.self-e3b0c44298fc1c149afbf4c8996fb92427ae41e4649b934ca495991b7852b855.css?body=1" for 127.0.0.1 at 2016-10-15 19:49:32 +0300


Started GET "/assets/application.self-e80e8f2318043e8af94dddc2adad5a4f09739a8ebb323b3ab31cd71d45fd9113.css?body=1" for 127.0.0.1 at 2016-10-15 19:49:32 +0300


Started GET "/assets/jquery.self-bd7ddd393353a8d2480a622e80342adf488fb6006d667e8b42e4c0073393abee.js?body=1" for 127.0.0.1 at 2016-10-15 19:49:32 +0300


Started GET "/assets/jquery_ujs.self-784a997f6726036b1993eb2217c9cb558e1cbb801c6da88105588c56f13b466a.js?body=1" for 127.0.0.1 at 2016-10-15 19:49:32 +0300


Started GET "/assets/application.self-3b8dabdc891efe46b9a144b400ad69e37d7e5876bdc39dee783419a69d7ca819.js?body=1" for 127.0.0.1 at 2016-10-15 19:49:32 +0300


Started GET "/assets/cards.self-877aef30ae1b040ab8a3aba4e3e309a11d7f2612f44dde450b5c157aa5f95c05.js?body=1" for 127.0.0.1 at 2016-10-15 19:49:32 +0300


Started GET "/assets/turbolinks.self-c5acd7a204f5f25ce7a1d8a0e4d92e28d34c9e2df2c7371cd7af88e147e4ad82.js?body=1" for 127.0.0.1 at 2016-10-15 19:49:32 +0300


Started GET "/cards/new" for 127.0.0.1 at 2016-10-15 19:49:46 +0300
Processing by CardsController#new as HTML
  Rendered cards/new.html.erb within layouts/application (3.3ms)
Completed 200 OK in 35ms (Views: 34.2ms | ActiveRecord: 0.0ms)


Started GET "/assets/cards.self-e3b0c44298fc1c149afbf4c8996fb92427ae41e4649b934ca495991b7852b855.css?body=1" for 127.0.0.1 at 2016-10-15 19:49:46 +0300


Started GET "/assets/application.self-e80e8f2318043e8af94dddc2adad5a4f09739a8ebb323b3ab31cd71d45fd9113.css?body=1" for 127.0.0.1 at 2016-10-15 19:49:46 +0300


Started GET "/assets/jquery.self-bd7ddd393353a8d2480a622e80342adf488fb6006d667e8b42e4c0073393abee.js?body=1" for 127.0.0.1 at 2016-10-15 19:49:46 +0300


Started GET "/assets/jquery_ujs.self-784a997f6726036b1993eb2217c9cb558e1cbb801c6da88105588c56f13b466a.js?body=1" for 127.0.0.1 at 2016-10-15 19:49:46 +0300


Started GET "/assets/turbolinks.self-c5acd7a204f5f25ce7a1d8a0e4d92e28d34c9e2df2c7371cd7af88e147e4ad82.js?body=1" for 127.0.0.1 at 2016-10-15 19:49:46 +0300


Started GET "/assets/application.self-3b8dabdc891efe46b9a144b400ad69e37d7e5876bdc39dee783419a69d7ca819.js?body=1" for 127.0.0.1 at 2016-10-15 19:49:46 +0300


Started GET "/assets/cards.self-877aef30ae1b040ab8a3aba4e3e309a11d7f2612f44dde450b5c157aa5f95c05.js?body=1" for 127.0.0.1 at 2016-10-15 19:49:46 +0300


Started GET "/cards/new" for 127.0.0.1 at 2016-10-15 19:50:00 +0300
Processing by CardsController#new as HTML
  Rendered cards/new.html.erb within layouts/application (1.6ms)
Completed 200 OK in 17ms (Views: 16.2ms | ActiveRecord: 0.0ms)


Started GET "/assets/cards.self-e3b0c44298fc1c149afbf4c8996fb92427ae41e4649b934ca495991b7852b855.css?body=1" for 127.0.0.1 at 2016-10-15 19:50:00 +0300


Started GET "/assets/jquery.self-bd7ddd393353a8d2480a622e80342adf488fb6006d667e8b42e4c0073393abee.js?body=1" for 127.0.0.1 at 2016-10-15 19:50:00 +0300


Started GET "/assets/jquery_ujs.self-784a997f6726036b1993eb2217c9cb558e1cbb801c6da88105588c56f13b466a.js?body=1" for 127.0.0.1 at 2016-10-15 19:50:00 +0300


Started GET "/assets/application.self-e80e8f2318043e8af94dddc2adad5a4f09739a8ebb323b3ab31cd71d45fd9113.css?body=1" for 127.0.0.1 at 2016-10-15 19:50:00 +0300


Started GET "/assets/cards.self-877aef30ae1b040ab8a3aba4e3e309a11d7f2612f44dde450b5c157aa5f95c05.js?body=1" for 127.0.0.1 at 2016-10-15 19:50:00 +0300


Started GET "/assets/turbolinks.self-c5acd7a204f5f25ce7a1d8a0e4d92e28d34c9e2df2c7371cd7af88e147e4ad82.js?body=1" for 127.0.0.1 at 2016-10-15 19:50:00 +0300


Started GET "/assets/application.self-3b8dabdc891efe46b9a144b400ad69e37d7e5876bdc39dee783419a69d7ca819.js?body=1" for 127.0.0.1 at 2016-10-15 19:50:00 +0300


Started POST "/cards/create" for 127.0.0.1 at 2016-10-15 19:51:23 +0300

ActionController::RoutingError (No route matches [POST] "/cards/create"):
  actionpack (4.2.6) lib/action_dispatch/middleware/debug_exceptions.rb:21:in `call'
  web-console (2.3.0) lib/web_console/middleware.rb:28:in `block in call'
  web-console (2.3.0) lib/web_console/middleware.rb:18:in `catch'
  web-console (2.3.0) lib/web_console/middleware.rb:18:in `call'
  actionpack (4.2.6) lib/action_dispatch/middleware/show_exceptions.rb:30:in `call'
  railties (4.2.6) lib/rails/rack/logger.rb:38:in `call_app'
  railties (4.2.6) lib/rails/rack/logger.rb:20:in `block in call'
  activesupport (4.2.6) lib/active_support/tagged_logging.rb:68:in `block in tagged'
  activesupport (4.2.6) lib/active_support/tagged_logging.rb:26:in `tagged'
  activesupport (4.2.6) lib/active_support/tagged_logging.rb:68:in `tagged'
  railties (4.2.6) lib/rails/rack/logger.rb:20:in `call'
  actionpack (4.2.6) lib/action_dispatch/middleware/request_id.rb:21:in `call'
  rack (1.6.4) lib/rack/methodoverride.rb:22:in `call'
  rack (1.6.4) lib/rack/runtime.rb:18:in `call'
  activesupport (4.2.6) lib/active_support/cache/strategy/local_cache_middleware.rb:28:in `call'
  rack (1.6.4) lib/rack/lock.rb:17:in `call'
  actionpack (4.2.6) lib/action_dispatch/middleware/static.rb:120:in `call'
  rack (1.6.4) lib/rack/sendfile.rb:113:in `call'
  railties (4.2.6) lib/rails/engine.rb:518:in `call'
  railties (4.2.6) lib/rails/application.rb:165:in `call'
  rack (1.6.4) lib/rack/lock.rb:17:in `call'
  rack (1.6.4) lib/rack/content_length.rb:15:in `call'
  rack (1.6.4) lib/rack/handler/webrick.rb:88:in `service'
  /home/razvan/.rvm/rubies/ruby-2.3.1/lib/ruby/2.3.0/webrick/httpserver.rb:140:in `service'
  /home/razvan/.rvm/rubies/ruby-2.3.1/lib/ruby/2.3.0/webrick/httpserver.rb:96:in `run'
  /home/razvan/.rvm/rubies/ruby-2.3.1/lib/ruby/2.3.0/webrick/server.rb:296:in `block in start_thread'


  Rendered /home/razvan/.rvm/gems/ruby-2.3.1/gems/actionpack-4.2.6/lib/action_dispatch/middleware/templates/rescues/_trace.html.erb (1.3ms)
  Rendered /home/razvan/.rvm/gems/ruby-2.3.1/gems/actionpack-4.2.6/lib/action_dispatch/middleware/templates/routes/_route.html.erb (0.7ms)
  Rendered /home/razvan/.rvm/gems/ruby-2.3.1/gems/actionpack-4.2.6/lib/action_dispatch/middleware/templates/routes/_table.html.erb (23.2ms)
  Rendered /home/razvan/.rvm/gems/ruby-2.3.1/gems/actionpack-4.2.6/lib/action_dispatch/middleware/templates/rescues/_request_and_response.html.erb (1.4ms)
  Rendered /home/razvan/.rvm/gems/ruby-2.3.1/gems/actionpack-4.2.6/lib/action_dispatch/middleware/templates/rescues/routing_error.html.erb within rescues/layout (67.4ms)
  Rendered /home/razvan/.rvm/gems/ruby-2.3.1/gems/web-console-2.3.0/lib/web_console/templates/_markup.html.erb (0.4ms)
  Rendered /home/razvan/.rvm/gems/ruby-2.3.1/gems/web-console-2.3.0/lib/web_console/templates/_inner_console_markup.html.erb within layouts/inlined_string (0.3ms)
  Rendered /home/razvan/.rvm/gems/ruby-2.3.1/gems/web-console-2.3.0/lib/web_console/templates/_prompt_box_markup.html.erb within layouts/inlined_string (0.4ms)
  Rendered /home/razvan/.rvm/gems/ruby-2.3.1/gems/web-console-2.3.0/lib/web_console/templates/style.css.erb within layouts/inlined_string (0.5ms)
  Rendered /home/razvan/.rvm/gems/ruby-2.3.1/gems/web-console-2.3.0/lib/web_console/templates/console.js.erb within layouts/javascript (15.6ms)
  Rendered /home/razvan/.rvm/gems/ruby-2.3.1/gems/web-console-2.3.0/lib/web_console/templates/main.js.erb within layouts/javascript (0.3ms)
  Rendered /home/razvan/.rvm/gems/ruby-2.3.1/gems/web-console-2.3.0/lib/web_console/templates/error_page.js.erb within layouts/javascript (0.4ms)
  Rendered /home/razvan/.rvm/gems/ruby-2.3.1/gems/web-console-2.3.0/lib/web_console/templates/index.html.erb (32.8ms)


Started GET "/cards/create" for 127.0.0.1 at 2016-10-15 19:52:50 +0300

AbstractController::ActionNotFound (The action 'show' could not be found for CardsController):
  actionpack (4.2.6) lib/abstract_controller/base.rb:132:in `process'
  actionview (4.2.6) lib/action_view/rendering.rb:30:in `process'
  actionpack (4.2.6) lib/action_controller/metal.rb:196:in `dispatch'
  actionpack (4.2.6) lib/action_controller/metal/rack_delegation.rb:13:in `dispatch'
  actionpack (4.2.6) lib/action_controller/metal.rb:237:in `block in action'
  actionpack (4.2.6) lib/action_dispatch/routing/route_set.rb:74:in `dispatch'
  actionpack (4.2.6) lib/action_dispatch/routing/route_set.rb:43:in `serve'
  actionpack (4.2.6) lib/action_dispatch/journey/router.rb:43:in `block in serve'
  actionpack (4.2.6) lib/action_dispatch/journey/router.rb:30:in `each'
  actionpack (4.2.6) lib/action_dispatch/journey/router.rb:30:in `serve'
  actionpack (4.2.6) lib/action_dispatch/routing/route_set.rb:817:in `call'
  rack (1.6.4) lib/rack/etag.rb:24:in `call'
  rack (1.6.4) lib/rack/conditionalget.rb:25:in `call'
  rack (1.6.4) lib/rack/head.rb:13:in `call'
  actionpack (4.2.6) lib/action_dispatch/middleware/params_parser.rb:27:in `call'
  actionpack (4.2.6) lib/action_dispatch/middleware/flash.rb:260:in `call'
  rack (1.6.4) lib/rack/session/abstract/id.rb:225:in `context'
  rack (1.6.4) lib/rack/session/abstract/id.rb:220:in `call'
  actionpack (4.2.6) lib/action_dispatch/middleware/cookies.rb:560:in `call'
  activerecord (4.2.6) lib/active_record/query_cache.rb:36:in `call'
  activerecord (4.2.6) lib/active_record/connection_adapters/abstract/connection_pool.rb:653:in `call'
  activerecord (4.2.6) lib/active_record/migration.rb:377:in `call'
  actionpack (4.2.6) lib/action_dispatch/middleware/callbacks.rb:29:in `block in call'
  activesupport (4.2.6) lib/active_support/callbacks.rb:88:in `__run_callbacks__'
  activesupport (4.2.6) lib/active_support/callbacks.rb:778:in `_run_call_callbacks'
  activesupport (4.2.6) lib/active_support/callbacks.rb:81:in `run_callbacks'
  actionpack (4.2.6) lib/action_dispatch/middleware/callbacks.rb:27:in `call'
  actionpack (4.2.6) lib/action_dispatch/middleware/reloader.rb:73:in `call'
  actionpack (4.2.6) lib/action_dispatch/middleware/remote_ip.rb:78:in `call'
  actionpack (4.2.6) lib/action_dispatch/middleware/debug_exceptions.rb:17:in `call'
  web-console (2.3.0) lib/web_console/middleware.rb:28:in `block in call'
  web-console (2.3.0) lib/web_console/middleware.rb:18:in `catch'
  web-console (2.3.0) lib/web_console/middleware.rb:18:in `call'
  actionpack (4.2.6) lib/action_dispatch/middleware/show_exceptions.rb:30:in `call'
  railties (4.2.6) lib/rails/rack/logger.rb:38:in `call_app'
  railties (4.2.6) lib/rails/rack/logger.rb:20:in `block in call'
  activesupport (4.2.6) lib/active_support/tagged_logging.rb:68:in `block in tagged'
  activesupport (4.2.6) lib/active_support/tagged_logging.rb:26:in `tagged'
  activesupport (4.2.6) lib/active_support/tagged_logging.rb:68:in `tagged'
  railties (4.2.6) lib/rails/rack/logger.rb:20:in `call'
  actionpack (4.2.6) lib/action_dispatch/middleware/request_id.rb:21:in `call'
  rack (1.6.4) lib/rack/methodoverride.rb:22:in `call'
  rack (1.6.4) lib/rack/runtime.rb:18:in `call'
  activesupport (4.2.6) lib/active_support/cache/strategy/local_cache_middleware.rb:28:in `call'
  rack (1.6.4) lib/rack/lock.rb:17:in `call'
  actionpack (4.2.6) lib/action_dispatch/middleware/static.rb:120:in `call'
  rack (1.6.4) lib/rack/sendfile.rb:113:in `call'
  railties (4.2.6) lib/rails/engine.rb:518:in `call'
  railties (4.2.6) lib/rails/application.rb:165:in `call'
  rack (1.6.4) lib/rack/lock.rb:17:in `call'
  rack (1.6.4) lib/rack/content_length.rb:15:in `call'
  rack (1.6.4) lib/rack/handler/webrick.rb:88:in `service'
  /home/razvan/.rvm/rubies/ruby-2.3.1/lib/ruby/2.3.0/webrick/httpserver.rb:140:in `service'
  /home/razvan/.rvm/rubies/ruby-2.3.1/lib/ruby/2.3.0/webrick/httpserver.rb:96:in `run'
  /home/razvan/.rvm/rubies/ruby-2.3.1/lib/ruby/2.3.0/webrick/server.rb:296:in `block in start_thread'


  Rendered /home/razvan/.rvm/gems/ruby-2.3.1/gems/actionpack-4.2.6/lib/action_dispatch/middleware/templates/rescues/unknown_action.html.erb within rescues/layout (0.5ms)
  Rendered /home/razvan/.rvm/gems/ruby-2.3.1/gems/web-console-2.3.0/lib/web_console/templates/_markup.html.erb (0.9ms)
  Rendered /home/razvan/.rvm/gems/ruby-2.3.1/gems/web-console-2.3.0/lib/web_console/templates/_inner_console_markup.html.erb within layouts/inlined_string (0.4ms)
  Rendered /home/razvan/.rvm/gems/ruby-2.3.1/gems/web-console-2.3.0/lib/web_console/templates/_prompt_box_markup.html.erb within layouts/inlined_string (0.3ms)
  Rendered /home/razvan/.rvm/gems/ruby-2.3.1/gems/web-console-2.3.0/lib/web_console/templates/style.css.erb within layouts/inlined_string (0.4ms)
  Rendered /home/razvan/.rvm/gems/ruby-2.3.1/gems/web-console-2.3.0/lib/web_console/templates/console.js.erb within layouts/javascript (16.5ms)
  Rendered /home/razvan/.rvm/gems/ruby-2.3.1/gems/web-console-2.3.0/lib/web_console/templates/main.js.erb within layouts/javascript (0.4ms)
  Rendered /home/razvan/.rvm/gems/ruby-2.3.1/gems/web-console-2.3.0/lib/web_console/templates/error_page.js.erb within layouts/javascript (0.6ms)
  Rendered /home/razvan/.rvm/gems/ruby-2.3.1/gems/web-console-2.3.0/lib/web_console/templates/index.html.erb (40.4ms)


Started GET "/cards/new" for 127.0.0.1 at 2016-10-15 19:53:30 +0300
Processing by CardsController#new as HTML
  Rendered cards/new.html.erb within layouts/application (1.1ms)
Completed 200 OK in 15ms (Views: 14.7ms | ActiveRecord: 0.0ms)


Started POST "/cards" for 127.0.0.1 at 2016-10-15 19:53:48 +0300
Processing by CardsController#create as HTML
  Parameters: {"utf8"=>"✓", "authenticity_token"=>"aLbMBTlPpIBxRb28ooL7jSMsfNkVsMqspHDH4y8wleCAjXBfcexEx/kAef8NCiZv+fgIhdS0Mp748gDIg+oenA==", "card"=>{"name"=>"asdvs", "civilization"=>"dvasd", "type"=>"vasdvas", "race"=>"dvasdv", "manaCost"=>"234", "manaValue"=>"234", "power"=>"234", "avatar"=>#<ActionDispatch::Http::UploadedFile:0x007f823006e168 @tempfile=#<Tempfile:/tmp/RackMultipart20161015-4044-yd6lkj.jpg>, @original_filename="AquaHulcus.jpg", @content_type="image/jpeg", @headers="Content-Disposition: form-data; name=\"card[avatar]\"; filename=\"AquaHulcus.jpg\"\r\nContent-Type: image/jpeg\r\n">}, "commit"=>"Add card"}
Completed 500 Internal Server Error in 54ms (ActiveRecord: 21.1ms)

NoMethodError (undefined method `has_attached_file' for #<Class:0x007f822c050db0>):
  app/models/card.rb:2:in `<class:Card>'
  app/models/card.rb:1:in `<top (required)>'
  app/controllers/cards_controller.rb:9:in `create'


  Rendered /home/razvan/.rvm/gems/ruby-2.3.1/gems/actionpack-4.2.6/lib/action_dispatch/middleware/templates/rescues/_source.erb (7.7ms)
  Rendered /home/razvan/.rvm/gems/ruby-2.3.1/gems/actionpack-4.2.6/lib/action_dispatch/middleware/templates/rescues/_trace.html.erb (3.4ms)
  Rendered /home/razvan/.rvm/gems/ruby-2.3.1/gems/actionpack-4.2.6/lib/action_dispatch/middleware/templates/rescues/_request_and_response.html.erb (11.7ms)
  Rendered /home/razvan/.rvm/gems/ruby-2.3.1/gems/actionpack-4.2.6/lib/action_dispatch/middleware/templates/rescues/diagnostics.html.erb within rescues/layout (42.1ms)
  Rendered /home/razvan/.rvm/gems/ruby-2.3.1/gems/web-console-2.3.0/lib/web_console/templates/_markup.html.erb (1.0ms)
  Rendered /home/razvan/.rvm/gems/ruby-2.3.1/gems/web-console-2.3.0/lib/web_console/templates/_inner_console_markup.html.erb within layouts/inlined_string (0.3ms)
  Rendered /home/razvan/.rvm/gems/ruby-2.3.1/gems/web-console-2.3.0/lib/web_console/templates/_prompt_box_markup.html.erb within layouts/inlined_string (0.4ms)
  Rendered /home/razvan/.rvm/gems/ruby-2.3.1/gems/web-console-2.3.0/lib/web_console/templates/style.css.erb within layouts/inlined_string (0.4ms)
  Rendered /home/razvan/.rvm/gems/ruby-2.3.1/gems/web-console-2.3.0/lib/web_console/templates/console.js.erb within layouts/javascript (16.2ms)
  Rendered /home/razvan/.rvm/gems/ruby-2.3.1/gems/web-console-2.3.0/lib/web_console/templates/main.js.erb within layouts/javascript (0.3ms)
  Rendered /home/razvan/.rvm/gems/ruby-2.3.1/gems/web-console-2.3.0/lib/web_console/templates/error_page.js.erb within layouts/javascript (0.4ms)
  Rendered /home/razvan/.rvm/gems/ruby-2.3.1/gems/web-console-2.3.0/lib/web_console/templates/index.html.erb (33.3ms)


Started GET "/cards/new" for 127.0.0.1 at 2016-10-15 19:55:58 +0300
  [1m[36mActiveRecord::SchemaMigration Load (0.5ms)[0m  [1mSELECT "schema_migrations".* FROM "schema_migrations"[0m
Processing by CardsController#new as HTML
  Rendered cards/new.html.erb within layouts/application (29.5ms)
Completed 200 OK in 537ms (Views: 511.9ms | ActiveRecord: 0.0ms)


Started POST "/cards" for 127.0.0.1 at 2016-10-15 19:56:10 +0300
Processing by CardsController#create as HTML
  Parameters: {"utf8"=>"✓", "authenticity_token"=>"wJmefEo6Ma197Deqp8iEUd4Rn4gEP8GHTmw6hmhG7lAooiImApnR6vWp8+kIQFmzBMXr1MU7ObUS7v2txJxlLA==", "card"=>{"name"=>"asdvsd", "civilization"=>"sdvas", "type"=>"vasva", "race"=>"dasv", "manaCost"=>"234", "manaValue"=>"324", "power"=>"234", "avatar"=>#<ActionDispatch::Http::UploadedFile:0x007f1f061cf0d0 @tempfile=#<Tempfile:/tmp/RackMultipart20161015-5054-195i1xf.jpg>, @original_filename="AquaHulcus.jpg", @content_type="image/jpeg", @headers="Content-Disposition: form-data; name=\"card[avatar]\"; filename=\"AquaHulcus.jpg\"\r\nContent-Type: image/jpeg\r\n">}, "commit"=>"Add card"}
Completed 500 Internal Server Error in 8ms (ActiveRecord: 0.0ms)

NoMethodError (undefined method `permits' for #<ActionController::Parameters:0x007f1f061d61f0>
Did you mean?  permit
               permit!):
  app/controllers/cards_controller.rb:14:in `card_params'
  app/controllers/cards_controller.rb:9:in `create'


  Rendered /home/razvan/.rvm/gems/ruby-2.3.1/gems/actionpack-4.2.6/lib/action_dispatch/middleware/templates/rescues/_source.erb (3.6ms)
  Rendered /home/razvan/.rvm/gems/ruby-2.3.1/gems/actionpack-4.2.6/lib/action_dispatch/middleware/templates/rescues/_trace.html.erb (2.1ms)
  Rendered /home/razvan/.rvm/gems/ruby-2.3.1/gems/actionpack-4.2.6/lib/action_dispatch/middleware/templates/rescues/_request_and_response.html.erb (2.2ms)
  Rendered /home/razvan/.rvm/gems/ruby-2.3.1/gems/actionpack-4.2.6/lib/action_dispatch/middleware/templates/rescues/diagnostics.html.erb within rescues/layout (24.9ms)
  Rendered /home/razvan/.rvm/gems/ruby-2.3.1/gems/web-console-2.3.0/lib/web_console/templates/_markup.html.erb (3.0ms)
  Rendered /home/razvan/.rvm/gems/ruby-2.3.1/gems/web-console-2.3.0/lib/web_console/templates/_inner_console_markup.html.erb within layouts/inlined_string (0.9ms)
  Rendered /home/razvan/.rvm/gems/ruby-2.3.1/gems/web-console-2.3.0/lib/web_console/templates/_prompt_box_markup.html.erb within layouts/inlined_string (0.4ms)
  Rendered /home/razvan/.rvm/gems/ruby-2.3.1/gems/web-console-2.3.0/lib/web_console/templates/style.css.erb within layouts/inlined_string (0.5ms)
  Rendered /home/razvan/.rvm/gems/ruby-2.3.1/gems/web-console-2.3.0/lib/web_console/templates/console.js.erb within layouts/javascript (124.1ms)
  Rendered /home/razvan/.rvm/gems/ruby-2.3.1/gems/web-console-2.3.0/lib/web_console/templates/main.js.erb within layouts/javascript (0.6ms)
  Rendered /home/razvan/.rvm/gems/ruby-2.3.1/gems/web-console-2.3.0/lib/web_console/templates/error_page.js.erb within layouts/javascript (0.5ms)
  Rendered /home/razvan/.rvm/gems/ruby-2.3.1/gems/web-console-2.3.0/lib/web_console/templates/index.html.erb (156.5ms)


Started GET "/cards/new" for 127.0.0.1 at 2016-10-15 19:56:31 +0300
Processing by CardsController#new as HTML
  Rendered cards/new.html.erb within layouts/application (4.1ms)
Completed 200 OK in 26ms (Views: 25.5ms | ActiveRecord: 0.0ms)


Started POST "/cards" for 127.0.0.1 at 2016-10-15 19:56:46 +0300
Processing by CardsController#create as HTML
  Parameters: {"utf8"=>"✓", "authenticity_token"=>"qNOzg+6XMcjpkXwkRopTGHocq5VUOJsq/SuLN5+BZxpA6A/ZpjTRj2HUuGfpAo76oMjfyZU8YxihqUwcM1vsZg==", "card"=>{"name"=>"asdvs", "civilization"=>"asdv", "type"=>"vasdvas", "race"=>"btr", "manaCost"=>"45", "manaValue"=>"4", "power"=>"54", "avatar"=>#<ActionDispatch::Http::UploadedFile:0x007f1f05702968 @tempfile=#<Tempfile:/tmp/RackMultipart20161015-5054-1q12mxi.jpg>, @original_filename="AquaHulcus.jpg", @content_type="image/jpeg", @headers="Content-Disposition: form-data; name=\"card[avatar]\"; filename=\"AquaHulcus.jpg\"\r\nContent-Type: image/jpeg\r\n">}, "commit"=>"Add card"}
Completed 500 Internal Server Error in 7ms (ActiveRecord: 0.9ms)

ActiveRecord::SubclassNotFound (Invalid single-table inheritance type: vasdvas is not a subclass of Card):
  app/controllers/cards_controller.rb:9:in `create'


  Rendered /home/razvan/.rvm/gems/ruby-2.3.1/gems/actionpack-4.2.6/lib/action_dispatch/middleware/templates/rescues/_source.erb (13.6ms)
  Rendered /home/razvan/.rvm/gems/ruby-2.3.1/gems/actionpack-4.2.6/lib/action_dispatch/middleware/templates/rescues/_trace.html.erb (3.0ms)
  Rendered /home/razvan/.rvm/gems/ruby-2.3.1/gems/actionpack-4.2.6/lib/action_dispatch/middleware/templates/rescues/_request_and_response.html.erb (1.3ms)
  Rendered /home/razvan/.rvm/gems/ruby-2.3.1/gems/actionpack-4.2.6/lib/action_dispatch/middleware/templates/rescues/diagnostics.html.erb within rescues/layout (34.5ms)
  Rendered /home/razvan/.rvm/gems/ruby-2.3.1/gems/web-console-2.3.0/lib/web_console/templates/_markup.html.erb (0.8ms)
  Rendered /home/razvan/.rvm/gems/ruby-2.3.1/gems/web-console-2.3.0/lib/web_console/templates/_inner_console_markup.html.erb within layouts/inlined_string (0.4ms)
  Rendered /home/razvan/.rvm/gems/ruby-2.3.1/gems/web-console-2.3.0/lib/web_console/templates/_prompt_box_markup.html.erb within layouts/inlined_string (0.8ms)
  Rendered /home/razvan/.rvm/gems/ruby-2.3.1/gems/web-console-2.3.0/lib/web_console/templates/style.css.erb within layouts/inlined_string (0.7ms)
  Rendered /home/razvan/.rvm/gems/ruby-2.3.1/gems/web-console-2.3.0/lib/web_console/templates/console.js.erb within layouts/javascript (19.8ms)
  Rendered /home/razvan/.rvm/gems/ruby-2.3.1/gems/web-console-2.3.0/lib/web_console/templates/main.js.erb within layouts/javascript (0.5ms)
  Rendered /home/razvan/.rvm/gems/ruby-2.3.1/gems/web-console-2.3.0/lib/web_console/templates/error_page.js.erb within layouts/javascript (0.5ms)
  Rendered /home/razvan/.rvm/gems/ruby-2.3.1/gems/web-console-2.3.0/lib/web_console/templates/index.html.erb (41.8ms)


Started GET "/cards/new" for 127.0.0.1 at 2016-10-15 19:58:54 +0300
Processing by CardsController#new as HTML
  Rendered cards/new.html.erb within layouts/application (274.6ms)
Completed 200 OK in 315ms (Views: 294.0ms | ActiveRecord: 2.4ms)


Started POST "/cards" for 127.0.0.1 at 2016-10-15 19:59:05 +0300
Processing by CardsController#create as HTML
  Parameters: {"utf8"=>"✓", "authenticity_token"=>"O4gswnX6ElqYWstGJPsj+DSnUc6eVzY7fMKF+tkEO3jTs5CYPVnyHRAfDwWLc/4a7nMlkl9TzgkgQELRdd6wBA==", "card"=>{"name"=>"asfv", "civilization"=>"efb", "type"=>"efb", "race"=>"ef", "manaCost"=>"3", "manaValue"=>"5", "power"=>"43", "avatar"=>#<ActionDispatch::Http::UploadedFile:0x007f1f06556ff0 @tempfile=#<Tempfile:/tmp/RackMultipart20161015-5054-1k4tizy.jpg>, @original_filename="AquaHulcus.jpg", @content_type="image/jpeg", @headers="Content-Disposition: form-data; name=\"card[avatar]\"; filename=\"AquaHulcus.jpg\"\r\nContent-Type: image/jpeg\r\n">}, "commit"=>"Add card"}
Completed 500 Internal Server Error in 2ms (ActiveRecord: 0.0ms)

ActiveRecord::SubclassNotFound (Invalid single-table inheritance type: efb is not a subclass of Card):
  app/controllers/cards_controller.rb:10:in `create'


  Rendered /home/razvan/.rvm/gems/ruby-2.3.1/gems/actionpack-4.2.6/lib/action_dispatch/middleware/templates/rescues/_source.erb (4.8ms)
  Rendered /home/razvan/.rvm/gems/ruby-2.3.1/gems/actionpack-4.2.6/lib/action_dispatch/middleware/templates/rescues/_trace.html.erb (3.2ms)
  Rendered /home/razvan/.rvm/gems/ruby-2.3.1/gems/actionpack-4.2.6/lib/action_dispatch/middleware/templates/rescues/_request_and_response.html.erb (1.4ms)
  Rendered /home/razvan/.rvm/gems/ruby-2.3.1/gems/actionpack-4.2.6/lib/action_dispatch/middleware/templates/rescues/diagnostics.html.erb within rescues/layout (25.0ms)
  Rendered /home/razvan/.rvm/gems/ruby-2.3.1/gems/web-console-2.3.0/lib/web_console/templates/_markup.html.erb (0.6ms)
  Rendered /home/razvan/.rvm/gems/ruby-2.3.1/gems/web-console-2.3.0/lib/web_console/templates/_inner_console_markup.html.erb within layouts/inlined_string (0.5ms)
  Rendered /home/razvan/.rvm/gems/ruby-2.3.1/gems/web-console-2.3.0/lib/web_console/templates/_prompt_box_markup.html.erb within layouts/inlined_string (0.4ms)
  Rendered /home/razvan/.rvm/gems/ruby-2.3.1/gems/web-console-2.3.0/lib/web_console/templates/style.css.erb within layouts/inlined_string (0.7ms)
  Rendered /home/razvan/.rvm/gems/ruby-2.3.1/gems/web-console-2.3.0/lib/web_console/templates/console.js.erb within layouts/javascript (19.7ms)
  Rendered /home/razvan/.rvm/gems/ruby-2.3.1/gems/web-console-2.3.0/lib/web_console/templates/main.js.erb within layouts/javascript (0.4ms)
  Rendered /home/razvan/.rvm/gems/ruby-2.3.1/gems/web-console-2.3.0/lib/web_console/templates/error_page.js.erb within layouts/javascript (0.9ms)
  Rendered /home/razvan/.rvm/gems/ruby-2.3.1/gems/web-console-2.3.0/lib/web_console/templates/index.html.erb (42.6ms)
  [1m[36mActiveRecord::SchemaMigration Load (0.4ms)[0m  [1mSELECT "schema_migrations".* FROM "schema_migrations"[0m
Migrating to ChangeTypeColumn (20161015170153)
  [1m[35m (0.2ms)[0m  BEGIN
  [1m[36m (263.2ms)[0m  [1mALTER TABLE "cards" RENAME COLUMN "type" TO "kind"[0m
  [1m[35mSQL (0.5ms)[0m  INSERT INTO "schema_migrations" ("version") VALUES ($1)  [["version", "20161015170153"]]
  [1m[36m (18.7ms)[0m  [1mCOMMIT[0m
  [1m[35mActiveRecord::SchemaMigration Load (0.2ms)[0m  SELECT "schema_migrations".* FROM "schema_migrations"
  [1m[36m (2.2ms)[0m  [1mSELECT t2.oid::regclass::text AS to_table, a1.attname AS column, a2.attname AS primary_key, c.conname AS name, c.confupdtype AS on_update, c.confdeltype AS on_delete
FROM pg_constraint c
JOIN pg_class t1 ON c.conrelid = t1.oid
JOIN pg_class t2 ON c.confrelid = t2.oid
JOIN pg_attribute a1 ON a1.attnum = c.conkey[1] AND a1.attrelid = t1.oid
JOIN pg_attribute a2 ON a2.attnum = c.confkey[1] AND a2.attrelid = t2.oid
JOIN pg_namespace t3 ON c.connamespace = t3.oid
WHERE c.contype = 'f'
  AND t1.relname = 'cards'
  AND t3.nspname = ANY (current_schemas(false))
ORDER BY c.conname
[0m


Started GET "/cards/new" for 127.0.0.1 at 2016-10-15 20:02:21 +0300
  [1m[35mActiveRecord::SchemaMigration Load (0.4ms)[0m  SELECT "schema_migrations".* FROM "schema_migrations"
Processing by CardsController#new as HTML
  Rendered cards/new.html.erb within layouts/application (6.7ms)
Completed 500 Internal Server Error in 31ms (ActiveRecord: 4.2ms)

ActionView::Template::Error (undefined method `type' for #<Card:0x007f1f0623c9c8>):
    1: <%= form_for :card, :url =>{:action => "create"}, :html => {multipart: true}, method: :post do |f| %>
    2: 	Name <%= f.text_field :name %> </br>
    3: 	Civ <%= f.text_field :civilization %></br>
    4: 	Type <%= f.text_field :type %></br>
    5: 	Race <%= f.text_field :race %></br>
    6: 	ManaCost <%= f.text_field :manaCost %></br>
    7: 	ManaValue <%= f.text_field :manaValue %></br>
  app/views/cards/new.html.erb:4:in `block in _app_views_cards_new_html_erb__99770939245829641_40431380'
  app/views/cards/new.html.erb:1:in `_app_views_cards_new_html_erb__99770939245829641_40431380'


  Rendered /home/razvan/.rvm/gems/ruby-2.3.1/gems/actionpack-4.2.6/lib/action_dispatch/middleware/templates/rescues/_source.erb (8.9ms)
  Rendered /home/razvan/.rvm/gems/ruby-2.3.1/gems/actionpack-4.2.6/lib/action_dispatch/middleware/templates/rescues/_trace.html.erb (3.9ms)
  Rendered /home/razvan/.rvm/gems/ruby-2.3.1/gems/actionpack-4.2.6/lib/action_dispatch/middleware/templates/rescues/_request_and_response.html.erb (1.2ms)
  Rendered /home/razvan/.rvm/gems/ruby-2.3.1/gems/actionpack-4.2.6/lib/action_dispatch/middleware/templates/rescues/template_error.html.erb within rescues/layout (29.5ms)
  Rendered /home/razvan/.rvm/gems/ruby-2.3.1/gems/web-console-2.3.0/lib/web_console/templates/_markup.html.erb (0.6ms)
  Rendered /home/razvan/.rvm/gems/ruby-2.3.1/gems/web-console-2.3.0/lib/web_console/templates/_inner_console_markup.html.erb within layouts/inlined_string (0.5ms)
  Rendered /home/razvan/.rvm/gems/ruby-2.3.1/gems/web-console-2.3.0/lib/web_console/templates/_prompt_box_markup.html.erb within layouts/inlined_string (1.2ms)
  Rendered /home/razvan/.rvm/gems/ruby-2.3.1/gems/web-console-2.3.0/lib/web_console/templates/style.css.erb within layouts/inlined_string (0.6ms)
  Rendered /home/razvan/.rvm/gems/ruby-2.3.1/gems/web-console-2.3.0/lib/web_console/templates/console.js.erb within layouts/javascript (23.5ms)
  Rendered /home/razvan/.rvm/gems/ruby-2.3.1/gems/web-console-2.3.0/lib/web_console/templates/main.js.erb within layouts/javascript (0.4ms)
  Rendered /home/razvan/.rvm/gems/ruby-2.3.1/gems/web-console-2.3.0/lib/web_console/templates/error_page.js.erb within layouts/javascript (0.7ms)
  Rendered /home/razvan/.rvm/gems/ruby-2.3.1/gems/web-console-2.3.0/lib/web_console/templates/index.html.erb (42.3ms)


Started GET "/cards/new" for 127.0.0.1 at 2016-10-15 20:02:40 +0300
Processing by CardsController#new as HTML
  Rendered cards/new.html.erb within layouts/application (3.4ms)
Completed 200 OK in 54ms (Views: 31.9ms | ActiveRecord: 2.0ms)


Started POST "/cards" for 127.0.0.1 at 2016-10-15 20:02:50 +0300
Processing by CardsController#create as HTML
  Parameters: {"utf8"=>"✓", "authenticity_token"=>"rFKRdC1OwEd8tkkvBUsTVA/zGb08xB5EuZ0A5vNMpq1EaS0uZe0gAPTzjWyqw8621Sdt4f3A5nblH8fNX5Yt0Q==", "card"=>{"name"=>"er", "civilization"=>"ve", "kind"=>"rev", "race"=>"erv", "manaCost"=>"2345", "manaValue"=>"54", "power"=>"54", "avatar"=>#<ActionDispatch::Http::UploadedFile:0x007f1f063494b0 @tempfile=#<Tempfile:/tmp/RackMultipart20161015-5054-a0jxu0.jpg>, @original_filename="AquaHulcus.jpg", @content_type="image/jpeg", @headers="Content-Disposition: form-data; name=\"card[avatar]\"; filename=\"AquaHulcus.jpg\"\r\nContent-Type: image/jpeg\r\n">}, "commit"=>"Add card"}
Command :: file -b --mime '/tmp/fd20ba4a9007baee2c718d8fbc42962e20161015-5054-1qrvhzc.jpg'
Command :: identify -format '%wx%h,%[exif:orientation]' '/tmp/fd20ba4a9007baee2c718d8fbc42962e20161015-5054-sg3hrm.jpg[0]' 2>/dev/null
Command :: identify -format %m '/tmp/fd20ba4a9007baee2c718d8fbc42962e20161015-5054-sg3hrm.jpg[0]'
Command :: convert '/tmp/fd20ba4a9007baee2c718d8fbc42962e20161015-5054-sg3hrm.jpg[0]' -auto-orient -resize "300x300>" '/tmp/41e782f24cb9d0d15bd496203a5a970420161015-5054-hem5yr'
Command :: identify -format '%wx%h,%[exif:orientation]' '/tmp/fd20ba4a9007baee2c718d8fbc42962e20161015-5054-sg3hrm.jpg[0]' 2>/dev/null
Command :: identify -format %m '/tmp/fd20ba4a9007baee2c718d8fbc42962e20161015-5054-sg3hrm.jpg[0]'
Command :: convert '/tmp/fd20ba4a9007baee2c718d8fbc42962e20161015-5054-sg3hrm.jpg[0]' -auto-orient -resize "100x100>" '/tmp/41e782f24cb9d0d15bd496203a5a970420161015-5054-25ti3r'
  [1m[36m (0.2ms)[0m  [1mBEGIN[0m
Command :: file -b --mime '/tmp/fd20ba4a9007baee2c718d8fbc42962e20161015-5054-11a0iqd.jpg'
  [1m[35mSQL (12.1ms)[0m  INSERT INTO "cards" ("name", "race", "civilization", "kind", "power", "manaCost", "manaValue", "avatar_file_name", "avatar_content_type", "avatar_file_size", "avatar_updated_at", "created_at", "updated_at") VALUES ($1, $2, $3, $4, $5, $6, $7, $8, $9, $10, $11, $12, $13) RETURNING "id"  [["name", "er"], ["race", "erv"], ["civilization", "ve"], ["kind", "rev"], ["power", 54], ["manaCost", 2345], ["manaValue", 54], ["avatar_file_name", "AquaHulcus.jpg"], ["avatar_content_type", "image/jpeg"], ["avatar_file_size", 29779], ["avatar_updated_at", "2016-10-15 17:02:50.863854"], ["created_at", "2016-10-15 17:02:51.870107"], ["updated_at", "2016-10-15 17:02:51.870107"]]
  [1m[36m (43.1ms)[0m  [1mCOMMIT[0m
  Rendered cards/create.html.erb within layouts/application (0.4ms)
Completed 200 OK in 1118ms (Views: 35.2ms | ActiveRecord: 55.7ms)


Started GET "/cards" for 127.0.0.1 at 2016-10-15 20:04:32 +0300
Processing by CardsController#index as HTML
  [1m[35mCard Load (0.3ms)[0m  SELECT  "cards".* FROM "cards" WHERE "cards"."id" = $1 LIMIT 1  [["id", 1]]
  Rendered cards/index.html.erb within layouts/application (1.1ms)
Completed 200 OK in 371ms (Views: 24.9ms | ActiveRecord: 2.6ms)


Started GET "/cards" for 127.0.0.1 at 2016-10-15 20:04:52 +0300
Processing by CardsController#index as HTML
  [1m[36mCard Load (0.5ms)[0m  [1mSELECT  "cards".* FROM "cards" WHERE "cards"."id" = $1 LIMIT 1[0m  [["id", 1]]
  Rendered cards/index.html.erb within layouts/application (1.8ms)
Completed 200 OK in 20ms (Views: 18.1ms | ActiveRecord: 0.5ms)


Started GET "/assets/cards.self-e3b0c44298fc1c149afbf4c8996fb92427ae41e4649b934ca495991b7852b855.css?body=1" for 127.0.0.1 at 2016-10-15 20:04:52 +0300


Started GET "/assets/application.self-e80e8f2318043e8af94dddc2adad5a4f09739a8ebb323b3ab31cd71d45fd9113.css?body=1" for 127.0.0.1 at 2016-10-15 20:04:52 +0300


Started GET "/assets/jquery.self-bd7ddd393353a8d2480a622e80342adf488fb6006d667e8b42e4c0073393abee.js?body=1" for 127.0.0.1 at 2016-10-15 20:04:52 +0300


Started GET "/assets/application.self-3b8dabdc891efe46b9a144b400ad69e37d7e5876bdc39dee783419a69d7ca819.js?body=1" for 127.0.0.1 at 2016-10-15 20:04:52 +0300


Started GET "/assets/turbolinks.self-c5acd7a204f5f25ce7a1d8a0e4d92e28d34c9e2df2c7371cd7af88e147e4ad82.js?body=1" for 127.0.0.1 at 2016-10-15 20:04:52 +0300


Started GET "/assets/cards.self-877aef30ae1b040ab8a3aba4e3e309a11d7f2612f44dde450b5c157aa5f95c05.js?body=1" for 127.0.0.1 at 2016-10-15 20:04:52 +0300


Started GET "/assets/jquery_ujs.self-784a997f6726036b1993eb2217c9cb558e1cbb801c6da88105588c56f13b466a.js?body=1" for 127.0.0.1 at 2016-10-15 20:04:52 +0300


Started GET "/cards" for 127.0.0.1 at 2016-10-15 20:04:59 +0300
Processing by CardsController#index as HTML
  [1m[35mCard Load (0.4ms)[0m  SELECT  "cards".* FROM "cards" WHERE "cards"."id" = $1 LIMIT 1  [["id", 1]]
  Rendered cards/index.html.erb within layouts/application (1.0ms)
Completed 200 OK in 16ms (Views: 14.5ms | ActiveRecord: 0.4ms)


Started GET "/assets/cards.self-e3b0c44298fc1c149afbf4c8996fb92427ae41e4649b934ca495991b7852b855.css?body=1" for 127.0.0.1 at 2016-10-15 20:04:59 +0300


Started GET "/assets/jquery.self-bd7ddd393353a8d2480a622e80342adf488fb6006d667e8b42e4c0073393abee.js?body=1" for 127.0.0.1 at 2016-10-15 20:04:59 +0300


Started GET "/assets/application.self-e80e8f2318043e8af94dddc2adad5a4f09739a8ebb323b3ab31cd71d45fd9113.css?body=1" for 127.0.0.1 at 2016-10-15 20:04:59 +0300


Started GET "/assets/cards.self-877aef30ae1b040ab8a3aba4e3e309a11d7f2612f44dde450b5c157aa5f95c05.js?body=1" for 127.0.0.1 at 2016-10-15 20:04:59 +0300


Started GET "/assets/jquery_ujs.self-784a997f6726036b1993eb2217c9cb558e1cbb801c6da88105588c56f13b466a.js?body=1" for 127.0.0.1 at 2016-10-15 20:04:59 +0300


Started GET "/assets/turbolinks.self-c5acd7a204f5f25ce7a1d8a0e4d92e28d34c9e2df2c7371cd7af88e147e4ad82.js?body=1" for 127.0.0.1 at 2016-10-15 20:04:59 +0300


Started GET "/assets/application.self-3b8dabdc891efe46b9a144b400ad69e37d7e5876bdc39dee783419a69d7ca819.js?body=1" for 127.0.0.1 at 2016-10-15 20:04:59 +0300


Started GET "/games" for 127.0.0.1 at 2016-10-15 20:15:34 +0300
  [1m[36mActiveRecord::SchemaMigration Load (0.6ms)[0m  [1mSELECT "schema_migrations".* FROM "schema_migrations"[0m

ActionController::RoutingError (No route matches [GET] "/games"):
  actionpack (4.2.6) lib/action_dispatch/middleware/debug_exceptions.rb:21:in `call'
  web-console (2.3.0) lib/web_console/middleware.rb:28:in `block in call'
  web-console (2.3.0) lib/web_console/middleware.rb:18:in `catch'
  web-console (2.3.0) lib/web_console/middleware.rb:18:in `call'
  actionpack (4.2.6) lib/action_dispatch/middleware/show_exceptions.rb:30:in `call'
  railties (4.2.6) lib/rails/rack/logger.rb:38:in `call_app'
  railties (4.2.6) lib/rails/rack/logger.rb:20:in `block in call'
  activesupport (4.2.6) lib/active_support/tagged_logging.rb:68:in `block in tagged'
  activesupport (4.2.6) lib/active_support/tagged_logging.rb:26:in `tagged'
  activesupport (4.2.6) lib/active_support/tagged_logging.rb:68:in `tagged'
  railties (4.2.6) lib/rails/rack/logger.rb:20:in `call'
  actionpack (4.2.6) lib/action_dispatch/middleware/request_id.rb:21:in `call'
  rack (1.6.4) lib/rack/methodoverride.rb:22:in `call'
  rack (1.6.4) lib/rack/runtime.rb:18:in `call'
  activesupport (4.2.6) lib/active_support/cache/strategy/local_cache_middleware.rb:28:in `call'
  rack (1.6.4) lib/rack/lock.rb:17:in `call'
  actionpack (4.2.6) lib/action_dispatch/middleware/static.rb:120:in `call'
  rack (1.6.4) lib/rack/sendfile.rb:113:in `call'
  railties (4.2.6) lib/rails/engine.rb:518:in `call'
  railties (4.2.6) lib/rails/application.rb:165:in `call'
  rack (1.6.4) lib/rack/lock.rb:17:in `call'
  rack (1.6.4) lib/rack/content_length.rb:15:in `call'
  rack (1.6.4) lib/rack/handler/webrick.rb:88:in `service'
  /home/razvan/.rvm/rubies/ruby-2.3.1/lib/ruby/2.3.0/webrick/httpserver.rb:140:in `service'
  /home/razvan/.rvm/rubies/ruby-2.3.1/lib/ruby/2.3.0/webrick/httpserver.rb:96:in `run'
  /home/razvan/.rvm/rubies/ruby-2.3.1/lib/ruby/2.3.0/webrick/server.rb:296:in `block in start_thread'


  Rendered /home/razvan/.rvm/gems/ruby-2.3.1/gems/actionpack-4.2.6/lib/action_dispatch/middleware/templates/rescues/_trace.html.erb (2.8ms)
  Rendered /home/razvan/.rvm/gems/ruby-2.3.1/gems/actionpack-4.2.6/lib/action_dispatch/middleware/templates/routes/_route.html.erb (1.0ms)
  Rendered /home/razvan/.rvm/gems/ruby-2.3.1/gems/actionpack-4.2.6/lib/action_dispatch/middleware/templates/routes/_table.html.erb (13.4ms)
  Rendered /home/razvan/.rvm/gems/ruby-2.3.1/gems/actionpack-4.2.6/lib/action_dispatch/middleware/templates/rescues/_request_and_response.html.erb (9.7ms)
  Rendered /home/razvan/.rvm/gems/ruby-2.3.1/gems/actionpack-4.2.6/lib/action_dispatch/middleware/templates/rescues/routing_error.html.erb within rescues/layout (58.5ms)
  Rendered /home/razvan/.rvm/gems/ruby-2.3.1/gems/web-console-2.3.0/lib/web_console/templates/_markup.html.erb (0.5ms)
  Rendered /home/razvan/.rvm/gems/ruby-2.3.1/gems/web-console-2.3.0/lib/web_console/templates/_inner_console_markup.html.erb within layouts/inlined_string (0.3ms)
  Rendered /home/razvan/.rvm/gems/ruby-2.3.1/gems/web-console-2.3.0/lib/web_console/templates/_prompt_box_markup.html.erb within layouts/inlined_string (0.3ms)
  Rendered /home/razvan/.rvm/gems/ruby-2.3.1/gems/web-console-2.3.0/lib/web_console/templates/style.css.erb within layouts/inlined_string (0.4ms)
  Rendered /home/razvan/.rvm/gems/ruby-2.3.1/gems/web-console-2.3.0/lib/web_console/templates/console.js.erb within layouts/javascript (20.6ms)
  Rendered /home/razvan/.rvm/gems/ruby-2.3.1/gems/web-console-2.3.0/lib/web_console/templates/main.js.erb within layouts/javascript (0.3ms)
  Rendered /home/razvan/.rvm/gems/ruby-2.3.1/gems/web-console-2.3.0/lib/web_console/templates/error_page.js.erb within layouts/javascript (1.3ms)
  Rendered /home/razvan/.rvm/gems/ruby-2.3.1/gems/web-console-2.3.0/lib/web_console/templates/index.html.erb (45.4ms)


Started GET "/games/index" for 127.0.0.1 at 2016-10-15 20:15:45 +0300
Processing by GamesController#index as HTML
  Rendered games/index.html.erb within layouts/application (0.3ms)
Completed 200 OK in 606ms (Views: 604.9ms | ActiveRecord: 0.0ms)


Started GET "/assets/games.self-e3b0c44298fc1c149afbf4c8996fb92427ae41e4649b934ca495991b7852b855.css?body=1" for 127.0.0.1 at 2016-10-15 20:15:46 +0300


Started GET "/assets/application.self-9c30ccf881268e3c019b2f3810a1e93d877dd5d6fa015ccb47d11c313901bf7c.css?body=1" for 127.0.0.1 at 2016-10-15 20:15:46 +0300


Started GET "/assets/games.self-877aef30ae1b040ab8a3aba4e3e309a11d7f2612f44dde450b5c157aa5f95c05.js?body=1" for 127.0.0.1 at 2016-10-15 20:15:46 +0300


Started GET "/" for 127.0.0.1 at 2016-10-15 20:19:32 +0300
  [1m[36mActiveRecord::SchemaMigration Load (0.4ms)[0m  [1mSELECT "schema_migrations".* FROM "schema_migrations"[0m
Processing by Rails::WelcomeController#index as HTML
  Rendered /home/razvan/.rvm/gems/ruby-2.3.1/gems/railties-4.2.6/lib/rails/templates/rails/welcome/index.html.erb (1.5ms)
Completed 200 OK in 24ms (Views: 16.5ms | ActiveRecord: 0.0ms)


Started GET "/cards/new" for 127.0.0.1 at 2016-10-15 20:19:40 +0300
Processing by CardsController#new as HTML
  Rendered cards/new.html.erb within layouts/application (14.9ms)
Completed 200 OK in 388ms (Views: 355.5ms | ActiveRecord: 3.1ms)
